[debug] [2021-10-25T06:54:03.718Z] ----------------------------------------------------------------------
[debug] [2021-10-25T06:54:03.721Z] Command:       C:\Program Files\nodejs\node.exe C:\Users\yash0\AppData\Roaming\npm\node_modules\firebase-tools\lib\bin\firebase.js init
[debug] [2021-10-25T06:54:03.722Z] CLI Version:   9.21.0
[debug] [2021-10-25T06:54:03.722Z] Platform:      win32
[debug] [2021-10-25T06:54:03.722Z] Node Version:  v14.17.1
[debug] [2021-10-25T06:54:03.723Z] Time:          Mon Oct 25 2021 12:24:03 GMT+0530 (India Standard Time)
[debug] [2021-10-25T06:54:03.723Z] ----------------------------------------------------------------------
[debug] 
[debug] [2021-10-25T06:54:03.813Z] > command requires scopes: ["email","openid","https://www.googleapis.com/auth/cloudplatformprojects.readonly","https://www.googleapis.com/auth/firebase","https://www.googleapis.com/auth/cloud-platform"]
[debug] [2021-10-25T06:54:03.814Z] > authorizing via signed-in user (yashlad024@gmail.com)
[info] 
     ######## #### ########  ######## ########     ###     ######  ########
     ##        ##  ##     ## ##       ##     ##  ##   ##  ##       ##
     ######    ##  ########  ######   ########  #########  ######  ######
     ##        ##  ##    ##  ##       ##     ## ##     ##       ## ##
     ##       #### ##     ## ######## ########  ##     ##  ######  ########

You're about to initialize a Firebase project in this directory:

  C:\Yash\React_Projects\rent-app

Before we get started, keep in mind:

  * You are currently outside your home directory
  * You are initializing within an existing Firebase project directory

